2025-05-23 23:08:22 - INFO - ##### Episode 1 #####
2025-05-23 23:08:22 - INFO - total reward: -1.75
2025-05-23 23:08:22 - INFO - ##### Episode 2 #####
2025-05-23 23:08:22 - INFO - total reward: -1.70
2025-05-23 23:08:22 - INFO - ##### Episode 3 #####
2025-05-23 23:08:22 - INFO - total reward: -1.75
2025-05-23 23:08:22 - INFO - ##### Episode 4 #####
2025-05-23 23:08:22 - INFO - total reward: -1.70
2025-05-23 23:08:22 - INFO - ##### Episode 5 #####
2025-05-23 23:08:22 - INFO - total reward: -1.40
2025-05-23 23:08:22 - INFO - ##### Episode 6 #####
2025-05-23 23:08:22 - INFO - total reward: -1.65
2025-05-23 23:08:22 - INFO - ##### Episode 7 #####
2025-05-23 23:08:22 - INFO - total reward: -1.60
2025-05-23 23:08:22 - INFO - ##### Episode 8 #####
2025-05-23 23:08:22 - INFO - total reward: -1.75
2025-05-23 23:08:22 - INFO - ##### Episode 9 #####
2025-05-23 23:08:22 - INFO - total reward: -1.75
2025-05-23 23:08:22 - INFO - ##### Episode 10 #####
2025-05-23 23:08:22 - INFO - total reward: -1.65
2025-05-23 23:08:22 - INFO - ##### Episode 11 #####
2025-05-23 23:08:22 - INFO - total reward: -1.65
2025-05-23 23:08:22 - INFO - ##### Episode 12 #####
2025-05-23 23:08:22 - INFO - total reward: -1.75
2025-05-23 23:08:22 - INFO - ##### Episode 13 #####
2025-05-23 23:08:22 - INFO - total reward: -1.65
2025-05-23 23:08:22 - INFO - ##### Episode 14 #####
2025-05-23 23:08:22 - INFO - total reward: 2.75
2025-05-23 23:08:22 - INFO - ##### Episode 15 #####
2025-05-23 23:08:22 - INFO - total reward: -1.75
2025-05-23 23:08:22 - INFO - ##### Episode 16 #####
2025-05-23 23:08:22 - INFO - total reward: -1.60
2025-05-23 23:08:22 - INFO - ##### Episode 17 #####
2025-05-23 23:08:23 - INFO - total reward: -1.55
2025-05-23 23:08:23 - INFO - ##### Episode 18 #####
2025-05-23 23:08:23 - INFO - total reward: 2.55
2025-05-23 23:08:23 - INFO - ##### Episode 19 #####
2025-05-23 23:08:23 - INFO - total reward: -1.75
2025-05-23 23:08:23 - INFO - ##### Episode 20 #####
2025-05-23 23:08:23 - INFO - total reward: -1.35
2025-05-23 23:08:23 - INFO - ##### Episode 21 #####
2025-05-23 23:08:23 - INFO - total reward: -1.75
2025-05-23 23:08:24 - INFO - ##### Episode 22 #####
2025-05-23 23:08:24 - INFO - total reward: 3.00
2025-05-23 23:08:24 - INFO - ##### Episode 23 #####
2025-05-23 23:08:24 - INFO - total reward: -1.65
2025-05-23 23:08:24 - INFO - ##### Episode 24 #####
2025-05-23 23:08:24 - INFO - total reward: -1.65
2025-05-23 23:08:24 - INFO - ##### Episode 25 #####
2025-05-23 23:08:24 - INFO - total reward: -1.45
2025-05-23 23:08:24 - INFO - ##### Episode 26 #####
2025-05-23 23:08:25 - INFO - total reward: -1.70
2025-05-23 23:08:25 - INFO - ##### Episode 27 #####
2025-05-23 23:08:25 - INFO - total reward: -1.50
2025-05-23 23:08:25 - INFO - ##### Episode 28 #####
2025-05-23 23:08:25 - INFO - total reward: -1.65
2025-05-23 23:08:25 - INFO - ##### Episode 29 #####
2025-05-23 23:08:25 - INFO - total reward: -1.45
2025-05-23 23:08:25 - INFO - ##### Episode 30 #####
2025-05-23 23:08:25 - INFO - total reward: -1.60
2025-05-23 23:08:26 - INFO - ##### Episode 31 #####
2025-05-23 23:08:26 - INFO - total reward: -1.50
2025-05-23 23:08:26 - INFO - ##### Episode 32 #####
2025-05-23 23:08:26 - INFO - total reward: -1.75
2025-05-23 23:08:26 - INFO - ##### Episode 33 #####
2025-05-23 23:08:26 - INFO - total reward: 2.45
2025-05-23 23:08:26 - INFO - ##### Episode 34 #####
2025-05-23 23:08:26 - INFO - total reward: -1.45
2025-05-23 23:08:26 - INFO - ##### Episode 35 #####
2025-05-23 23:08:26 - INFO - total reward: -1.50
2025-05-23 23:08:27 - INFO - ##### Episode 36 #####
2025-05-23 23:08:27 - INFO - total reward: -1.70
2025-05-23 23:08:27 - INFO - ##### Episode 37 #####
2025-05-23 23:08:27 - INFO - total reward: -1.75
2025-05-23 23:08:27 - INFO - ##### Episode 38 #####
2025-05-23 23:08:27 - INFO - total reward: -1.75
2025-05-23 23:08:27 - INFO - ##### Episode 39 #####
2025-05-23 23:08:27 - INFO - total reward: -1.70
2025-05-23 23:08:28 - INFO - ##### Episode 40 #####
2025-05-23 23:08:28 - INFO - total reward: -1.70
2025-05-23 23:08:28 - INFO - ##### Episode 41 #####
2025-05-23 23:08:28 - INFO - total reward: -1.60
2025-05-23 23:08:28 - INFO - ##### Episode 42 #####
2025-05-23 23:08:28 - INFO - total reward: -1.50
2025-05-23 23:08:28 - INFO - ##### Episode 43 #####
2025-05-23 23:08:28 - INFO - total reward: -1.65
2025-05-23 23:08:28 - INFO - ##### Episode 44 #####
2025-05-23 23:08:28 - INFO - total reward: -1.50
2025-05-23 23:08:29 - INFO - ##### Episode 45 #####
2025-05-23 23:08:29 - INFO - total reward: -1.75
2025-05-23 23:08:29 - INFO - ##### Episode 46 #####
2025-05-23 23:08:29 - INFO - total reward: -1.75
2025-05-23 23:08:29 - INFO - ##### Episode 47 #####
2025-05-23 23:08:29 - INFO - total reward: -1.60
2025-05-23 23:08:29 - INFO - ##### Episode 48 #####
2025-05-23 23:08:29 - INFO - total reward: -1.55
2025-05-23 23:08:30 - INFO - ##### Episode 49 #####
2025-05-23 23:08:30 - INFO - total reward: 3.30
2025-05-23 23:08:30 - INFO - ##### Episode 50 #####
2025-05-23 23:08:30 - INFO - total reward: -1.75
2025-05-23 23:08:30 - INFO - ##### Episode 51 #####
2025-05-23 23:08:30 - INFO - total reward: -1.55
2025-05-23 23:08:30 - INFO - ##### Episode 52 #####
2025-05-23 23:08:30 - INFO - total reward: -1.60
2025-05-23 23:08:30 - INFO - ##### Episode 53 #####
2025-05-23 23:08:30 - INFO - total reward: 2.60
2025-05-23 23:08:31 - INFO - ##### Episode 54 #####
2025-05-23 23:08:31 - INFO - total reward: -1.65
2025-05-23 23:08:31 - INFO - ##### Episode 55 #####
2025-05-23 23:08:31 - INFO - total reward: -1.75
2025-05-23 23:08:31 - INFO - ##### Episode 56 #####
2025-05-23 23:08:31 - INFO - total reward: -1.20
2025-05-23 23:08:31 - INFO - ##### Episode 57 #####
2025-05-23 23:08:31 - INFO - total reward: -1.65
2025-05-23 23:08:32 - INFO - ##### Episode 58 #####
2025-05-23 23:08:32 - INFO - total reward: -1.75
2025-05-23 23:08:32 - INFO - ##### Episode 59 #####
2025-05-23 23:08:32 - INFO - total reward: -1.70
2025-05-23 23:08:32 - INFO - ##### Episode 60 #####
2025-05-23 23:08:32 - INFO - total reward: -1.60
2025-05-23 23:08:32 - INFO - ##### Episode 61 #####
2025-05-23 23:08:32 - INFO - total reward: -1.70
2025-05-23 23:08:32 - INFO - ##### Episode 62 #####
2025-05-23 23:08:32 - INFO - total reward: -1.45
2025-05-23 23:08:33 - INFO - ##### Episode 63 #####
2025-05-23 23:08:33 - INFO - total reward: -1.75
2025-05-23 23:08:33 - INFO - ##### Episode 64 #####
2025-05-23 23:08:33 - INFO - total reward: -1.55
2025-05-23 23:08:33 - INFO - ##### Episode 65 #####
2025-05-23 23:08:33 - INFO - total reward: -1.75
2025-05-23 23:08:33 - INFO - ##### Episode 66 #####
2025-05-23 23:08:33 - INFO - total reward: -1.45
2025-05-23 23:08:33 - INFO - ##### Episode 67 #####
2025-05-23 23:08:34 - INFO - total reward: -1.55
2025-05-23 23:08:34 - INFO - ##### Episode 68 #####
2025-05-23 23:08:34 - INFO - total reward: -1.75
2025-05-23 23:08:34 - INFO - ##### Episode 69 #####
2025-05-23 23:08:34 - INFO - total reward: -1.65
2025-05-23 23:08:34 - INFO - ##### Episode 70 #####
2025-05-23 23:08:34 - INFO - total reward: -1.70
2025-05-23 23:08:35 - INFO - ##### Episode 71 #####
2025-05-23 23:08:35 - INFO - total reward: -1.70
2025-05-23 23:08:35 - INFO - ##### Episode 72 #####
2025-05-23 23:08:35 - INFO - total reward: -1.65
2025-05-23 23:08:35 - INFO - ##### Episode 73 #####
2025-05-23 23:08:35 - INFO - total reward: 3.05
2025-05-23 23:08:35 - INFO - ##### Episode 74 #####
2025-05-23 23:08:35 - INFO - total reward: -1.75
2025-05-23 23:08:36 - INFO - ##### Episode 75 #####
2025-05-23 23:08:36 - INFO - total reward: 2.70
2025-05-23 23:08:36 - INFO - ##### Episode 76 #####
2025-05-23 23:08:36 - INFO - total reward: -1.65
2025-05-23 23:08:36 - INFO - ##### Episode 77 #####
2025-05-23 23:08:36 - INFO - total reward: 2.70
2025-05-23 23:08:36 - INFO - ##### Episode 78 #####
2025-05-23 23:08:36 - INFO - total reward: 2.55
2025-05-23 23:08:37 - INFO - ##### Episode 79 #####
2025-05-23 23:08:37 - INFO - total reward: -1.60
2025-05-23 23:08:37 - INFO - ##### Episode 80 #####
2025-05-23 23:08:37 - INFO - total reward: -1.75
2025-05-23 23:08:37 - INFO - ##### Episode 81 #####
2025-05-23 23:08:37 - INFO - total reward: -1.50
2025-05-23 23:08:37 - INFO - ##### Episode 82 #####
2025-05-23 23:08:37 - INFO - total reward: -1.55
2025-05-23 23:08:38 - INFO - ##### Episode 83 #####
2025-05-23 23:08:38 - INFO - total reward: -1.50
2025-05-23 23:08:38 - INFO - ##### Episode 84 #####
2025-05-23 23:08:38 - INFO - total reward: -1.65
2025-05-23 23:08:38 - INFO - ##### Episode 85 #####
2025-05-23 23:08:38 - INFO - total reward: -1.75
2025-05-23 23:08:38 - INFO - ##### Episode 86 #####
2025-05-23 23:08:38 - INFO - total reward: 2.75
2025-05-23 23:08:39 - INFO - ##### Episode 87 #####
2025-05-23 23:08:39 - INFO - total reward: 2.65
2025-05-23 23:08:39 - INFO - ##### Episode 88 #####
2025-05-23 23:08:39 - INFO - total reward: -1.70
2025-05-23 23:08:39 - INFO - ##### Episode 89 #####
2025-05-23 23:08:39 - INFO - total reward: 2.55
2025-05-23 23:08:39 - INFO - ##### Episode 90 #####
2025-05-23 23:08:39 - INFO - total reward: -1.60
2025-05-23 23:08:40 - INFO - ##### Episode 91 #####
2025-05-23 23:08:40 - INFO - total reward: 3.00
2025-05-23 23:08:40 - INFO - ##### Episode 92 #####
2025-05-23 23:08:40 - INFO - total reward: 2.70
2025-05-23 23:08:40 - INFO - ##### Episode 93 #####
2025-05-23 23:08:40 - INFO - total reward: -1.70
2025-05-23 23:08:40 - INFO - ##### Episode 94 #####
2025-05-23 23:08:40 - INFO - total reward: 3.15
2025-05-23 23:08:40 - INFO - ##### Episode 95 #####
2025-05-23 23:08:40 - INFO - total reward: 2.90
2025-05-23 23:08:41 - INFO - ##### Episode 96 #####
2025-05-23 23:08:41 - INFO - total reward: -1.60
2025-05-23 23:08:41 - INFO - ##### Episode 97 #####
2025-05-23 23:08:41 - INFO - total reward: -1.55
2025-05-23 23:08:41 - INFO - ##### Episode 98 #####
2025-05-23 23:08:41 - INFO - total reward: -1.05
2025-05-23 23:08:41 - INFO - ##### Episode 99 #####
2025-05-23 23:08:41 - INFO - total reward: 2.70
2025-05-23 23:08:41 - INFO - ##### Episode 100 #####
2025-05-23 23:08:42 - INFO - total reward: -1.75
2025-05-23 23:08:42 - INFO - Player 0 wins: [58 (58) 24 (24) 8 (8) 10 (10)]
2025-05-23 23:08:42 - INFO - Player 1 wins: [18 (18) 24 (24) 35 (35) 23 (23)]
2025-05-23 23:08:42 - INFO - Player 2 wins: [9 (9) 26 (26) 29 (29) 36 (36)]
2025-05-23 23:08:42 - INFO - Player 3 wins: [15 (15) 26 (26) 28 (28) 31 (31)]
2025-05-23 23:08:42 - INFO - ##### Episode 101 #####
2025-05-23 23:08:42 - INFO - total reward: -1.70
2025-05-23 23:08:42 - INFO - ##### Episode 102 #####
2025-05-23 23:08:42 - INFO - total reward: 2.55
2025-05-23 23:08:42 - INFO - ##### Episode 103 #####
2025-05-23 23:08:42 - INFO - total reward: -1.60
2025-05-23 23:08:42 - INFO - ##### Episode 104 #####
2025-05-23 23:08:42 - INFO - total reward: -1.70
2025-05-23 23:08:43 - INFO - ##### Episode 105 #####
2025-05-23 23:08:43 - INFO - total reward: 2.80
2025-05-23 23:08:43 - INFO - ##### Episode 106 #####
2025-05-23 23:08:43 - INFO - total reward: -1.45
2025-05-23 23:08:43 - INFO - ##### Episode 107 #####
2025-05-23 23:08:43 - INFO - total reward: -1.75
2025-05-23 23:08:43 - INFO - ##### Episode 108 #####
2025-05-23 23:08:43 - INFO - total reward: -1.50
2025-05-23 23:08:43 - INFO - ##### Episode 109 #####
2025-05-23 23:08:43 - INFO - total reward: 2.85
2025-05-23 23:08:44 - INFO - ##### Episode 110 #####
2025-05-23 23:08:44 - INFO - total reward: -1.45
2025-05-23 23:08:44 - INFO - ##### Episode 111 #####
2025-05-23 23:08:44 - INFO - total reward: -1.75
2025-05-23 23:08:44 - INFO - ##### Episode 112 #####
2025-05-23 23:08:44 - INFO - total reward: -1.50
2025-05-23 23:08:44 - INFO - ##### Episode 113 #####
2025-05-23 23:08:44 - INFO - total reward: -1.70
2025-05-23 23:08:45 - INFO - ##### Episode 114 #####
2025-05-23 23:08:45 - INFO - total reward: -1.60
2025-05-23 23:08:45 - INFO - ##### Episode 115 #####
2025-05-23 23:08:45 - INFO - total reward: 2.60
2025-05-23 23:08:45 - INFO - ##### Episode 116 #####
2025-05-23 23:08:45 - INFO - total reward: -1.30
2025-05-23 23:08:45 - INFO - ##### Episode 117 #####
2025-05-23 23:08:45 - INFO - total reward: -1.65
2025-05-23 23:08:45 - INFO - ##### Episode 118 #####
2025-05-23 23:08:45 - INFO - total reward: -1.60
2025-05-23 23:08:46 - INFO - ##### Episode 119 #####
2025-05-23 23:08:46 - INFO - total reward: -1.60
2025-05-23 23:08:46 - INFO - ##### Episode 120 #####
2025-05-23 23:08:46 - INFO - total reward: -1.60
2025-05-23 23:08:46 - INFO - ##### Episode 121 #####
2025-05-23 23:08:46 - INFO - total reward: -1.70
2025-05-23 23:08:46 - INFO - ##### Episode 122 #####
2025-05-23 23:08:46 - INFO - total reward: -1.75
2025-05-23 23:08:47 - INFO - ##### Episode 123 #####
2025-05-23 23:08:47 - INFO - total reward: 3.10
2025-05-23 23:08:47 - INFO - ##### Episode 124 #####
2025-05-23 23:08:47 - INFO - total reward: -1.30
2025-05-23 23:08:47 - INFO - ##### Episode 125 #####
2025-05-23 23:08:47 - INFO - total reward: -1.50
2025-05-23 23:08:47 - INFO - ##### Episode 126 #####
2025-05-23 23:08:47 - INFO - total reward: -1.65
2025-05-23 23:08:47 - INFO - ##### Episode 127 #####
2025-05-23 23:08:47 - INFO - total reward: -1.70
2025-05-23 23:08:48 - INFO - ##### Episode 128 #####
2025-05-23 23:08:48 - INFO - total reward: -1.75
2025-05-23 23:08:48 - INFO - ##### Episode 129 #####
2025-05-23 23:08:48 - INFO - total reward: -1.55
2025-05-23 23:08:48 - INFO - ##### Episode 130 #####
2025-05-23 23:08:48 - INFO - total reward: 2.70
2025-05-23 23:08:48 - INFO - ##### Episode 131 #####
2025-05-23 23:08:48 - INFO - total reward: -1.75
2025-05-23 23:08:49 - INFO - ##### Episode 132 #####
2025-05-23 23:08:49 - INFO - total reward: 3.25
2025-05-23 23:08:49 - INFO - ##### Episode 133 #####
2025-05-23 23:08:49 - INFO - total reward: -1.40
2025-05-23 23:08:49 - INFO - ##### Episode 134 #####
2025-05-23 23:08:49 - INFO - total reward: -1.75
2025-05-23 23:08:49 - INFO - ##### Episode 135 #####
2025-05-23 23:08:49 - INFO - total reward: -1.30
2025-05-23 23:08:49 - INFO - ##### Episode 136 #####
2025-05-23 23:08:49 - INFO - total reward: -1.55
2025-05-23 23:08:50 - INFO - ##### Episode 137 #####
2025-05-23 23:08:50 - INFO - total reward: -1.60
2025-05-23 23:08:50 - INFO - ##### Episode 138 #####
2025-05-23 23:08:50 - INFO - total reward: -1.75
2025-05-23 23:08:50 - INFO - ##### Episode 139 #####
2025-05-23 23:08:50 - INFO - total reward: 3.15
2025-05-23 23:08:50 - INFO - ##### Episode 140 #####
2025-05-23 23:08:50 - INFO - total reward: 2.65
2025-05-23 23:08:50 - INFO - ##### Episode 141 #####
2025-05-23 23:08:50 - INFO - total reward: 2.90
2025-05-23 23:08:51 - INFO - ##### Episode 142 #####
2025-05-23 23:08:51 - INFO - total reward: -1.65
2025-05-23 23:08:51 - INFO - ##### Episode 143 #####
2025-05-23 23:08:51 - INFO - total reward: -1.70
2025-05-23 23:08:51 - INFO - ##### Episode 144 #####
2025-05-23 23:08:51 - INFO - total reward: -1.40
2025-05-23 23:08:51 - INFO - ##### Episode 145 #####
2025-05-23 23:08:51 - INFO - total reward: -1.45
2025-05-23 23:08:52 - INFO - ##### Episode 146 #####
2025-05-23 23:08:52 - INFO - total reward: -1.55
2025-05-23 23:08:52 - INFO - ##### Episode 147 #####
2025-05-23 23:08:52 - INFO - total reward: 2.70
2025-05-23 23:08:52 - INFO - ##### Episode 148 #####
2025-05-23 23:08:52 - INFO - total reward: -1.70
2025-05-23 23:08:52 - INFO - ##### Episode 149 #####
2025-05-23 23:08:52 - INFO - total reward: 2.85
2025-05-23 23:08:52 - INFO - ##### Episode 150 #####
2025-05-23 23:08:53 - INFO - total reward: -1.75
2025-05-23 23:08:53 - INFO - ##### Episode 151 #####
2025-05-23 23:08:53 - INFO - total reward: -1.60
2025-05-23 23:08:53 - INFO - ##### Episode 152 #####
2025-05-23 23:08:53 - INFO - total reward: 2.90
2025-05-23 23:08:53 - INFO - ##### Episode 153 #####
2025-05-23 23:08:53 - INFO - total reward: -1.40
2025-05-23 23:08:53 - INFO - ##### Episode 154 #####
2025-05-23 23:08:53 - INFO - total reward: -1.50
2025-05-23 23:08:54 - INFO - ##### Episode 155 #####
2025-05-23 23:08:54 - INFO - total reward: -1.55
2025-05-23 23:08:54 - INFO - ##### Episode 156 #####
2025-05-23 23:08:54 - INFO - total reward: 3.25
2025-05-23 23:08:54 - INFO - ##### Episode 157 #####
2025-05-23 23:08:54 - INFO - total reward: -1.75
2025-05-23 23:08:54 - INFO - ##### Episode 158 #####
2025-05-23 23:08:54 - INFO - total reward: 2.50
2025-05-23 23:08:55 - INFO - ##### Episode 159 #####
2025-05-23 23:08:55 - INFO - total reward: 2.55
2025-05-23 23:08:55 - INFO - ##### Episode 160 #####
2025-05-23 23:08:55 - INFO - total reward: -1.70
2025-05-23 23:08:55 - INFO - ##### Episode 161 #####
2025-05-23 23:08:55 - INFO - total reward: 2.85
2025-05-23 23:08:55 - INFO - ##### Episode 162 #####
2025-05-23 23:08:55 - INFO - total reward: -1.55
2025-05-23 23:08:55 - INFO - ##### Episode 163 #####
2025-05-23 23:08:55 - INFO - total reward: -1.50
2025-05-23 23:08:56 - INFO - ##### Episode 164 #####
2025-05-23 23:08:56 - INFO - total reward: -1.40
2025-05-23 23:08:56 - INFO - ##### Episode 165 #####
2025-05-23 23:08:56 - INFO - total reward: 2.95
2025-05-23 23:08:56 - INFO - ##### Episode 166 #####
2025-05-23 23:08:56 - INFO - total reward: -1.60
2025-05-23 23:08:56 - INFO - ##### Episode 167 #####
2025-05-23 23:08:56 - INFO - total reward: 3.25
2025-05-23 23:08:57 - INFO - ##### Episode 168 #####
2025-05-23 23:08:57 - INFO - total reward: 2.85
2025-05-23 23:08:57 - INFO - ##### Episode 169 #####
2025-05-23 23:08:57 - INFO - total reward: 2.65
2025-05-23 23:08:57 - INFO - ##### Episode 170 #####
2025-05-23 23:08:57 - INFO - total reward: 3.30
2025-05-23 23:08:57 - INFO - ##### Episode 171 #####
2025-05-23 23:08:57 - INFO - total reward: -1.65
2025-05-23 23:08:57 - INFO - ##### Episode 172 #####
2025-05-23 23:08:58 - INFO - total reward: -1.30
2025-05-23 23:08:58 - INFO - ##### Episode 173 #####
2025-05-23 23:08:58 - INFO - total reward: -1.30
2025-05-23 23:08:58 - INFO - ##### Episode 174 #####
2025-05-23 23:08:58 - INFO - total reward: -1.70
2025-05-23 23:08:58 - INFO - ##### Episode 175 #####
2025-05-23 23:08:58 - INFO - total reward: 2.75
2025-05-23 23:08:58 - INFO - ##### Episode 176 #####
2025-05-23 23:08:58 - INFO - total reward: -1.75
2025-05-23 23:08:59 - INFO - ##### Episode 177 #####
2025-05-23 23:08:59 - INFO - total reward: 2.85
2025-05-23 23:08:59 - INFO - ##### Episode 178 #####
2025-05-23 23:08:59 - INFO - total reward: -1.75
2025-05-23 23:08:59 - INFO - ##### Episode 179 #####
2025-05-23 23:08:59 - INFO - total reward: -1.75
2025-05-23 23:08:59 - INFO - ##### Episode 180 #####
2025-05-23 23:08:59 - INFO - total reward: -1.75
2025-05-23 23:08:59 - INFO - ##### Episode 181 #####
2025-05-23 23:08:59 - INFO - total reward: 3.50
2025-05-23 23:09:00 - INFO - ##### Episode 182 #####
2025-05-23 23:09:00 - INFO - total reward: -1.65
2025-05-23 23:09:00 - INFO - ##### Episode 183 #####
2025-05-23 23:09:00 - INFO - total reward: -1.75
2025-05-23 23:09:00 - INFO - ##### Episode 184 #####
2025-05-23 23:09:00 - INFO - total reward: 2.60
2025-05-23 23:09:00 - INFO - ##### Episode 185 #####
2025-05-23 23:09:00 - INFO - total reward: 3.25
2025-05-23 23:09:01 - INFO - ##### Episode 186 #####
2025-05-23 23:09:01 - INFO - total reward: -1.65
2025-05-23 23:09:01 - INFO - ##### Episode 187 #####
2025-05-23 23:09:01 - INFO - total reward: -1.55
2025-05-23 23:09:01 - INFO - ##### Episode 188 #####
2025-05-23 23:09:01 - INFO - total reward: -1.10
2025-05-23 23:09:01 - INFO - ##### Episode 189 #####
2025-05-23 23:09:01 - INFO - total reward: -1.70
2025-05-23 23:09:01 - INFO - ##### Episode 190 #####
2025-05-23 23:09:02 - INFO - total reward: -1.45
2025-05-23 23:09:02 - INFO - ##### Episode 191 #####
2025-05-23 23:09:02 - INFO - total reward: -1.75
2025-05-23 23:09:02 - INFO - ##### Episode 192 #####
2025-05-23 23:09:02 - INFO - total reward: -1.45
2025-05-23 23:09:02 - INFO - ##### Episode 193 #####
2025-05-23 23:09:02 - INFO - total reward: -1.60
2025-05-23 23:09:02 - INFO - ##### Episode 194 #####
2025-05-23 23:09:03 - INFO - total reward: -1.30
2025-05-23 23:09:03 - INFO - ##### Episode 195 #####
2025-05-23 23:09:03 - INFO - total reward: -1.75
2025-05-23 23:09:03 - INFO - ##### Episode 196 #####
2025-05-23 23:09:03 - INFO - total reward: -1.65
2025-05-23 23:09:03 - INFO - ##### Episode 197 #####
2025-05-23 23:09:03 - INFO - total reward: -1.50
2025-05-23 23:09:03 - INFO - ##### Episode 198 #####
2025-05-23 23:09:03 - INFO - total reward: 2.65
2025-05-23 23:09:04 - INFO - ##### Episode 199 #####
2025-05-23 23:09:04 - INFO - total reward: -1.55
2025-05-23 23:09:04 - INFO - ##### Episode 200 #####
2025-05-23 23:09:04 - INFO - total reward: -1.70
2025-05-23 23:09:04 - INFO - Player 0 wins: [105 (47) 53 (29) 25 (17) 17 (7)]
2025-05-23 23:09:04 - INFO - Player 1 wins: [46 (28) 55 (31) 60 (25) 39 (16)]
2025-05-23 23:09:04 - INFO - Player 2 wins: [22 (13) 40 (14) 65 (36) 73 (37)]
2025-05-23 23:09:04 - INFO - Player 3 wins: [27 (12) 52 (26) 50 (22) 71 (40)]
2025-05-23 23:09:04 - INFO - ##### Episode 201 #####
2025-05-23 23:09:04 - INFO - total reward: -1.75
2025-05-23 23:09:04 - INFO - ##### Episode 202 #####
2025-05-23 23:09:04 - INFO - total reward: -1.75
2025-05-23 23:09:05 - INFO - ##### Episode 203 #####
2025-05-23 23:09:05 - INFO - total reward: 3.80
2025-05-23 23:09:05 - INFO - ##### Episode 204 #####
2025-05-23 23:09:05 - INFO - total reward: -1.75
2025-05-23 23:09:05 - INFO - ##### Episode 205 #####
2025-05-23 23:09:05 - INFO - total reward: -1.70
2025-05-23 23:09:05 - INFO - ##### Episode 206 #####
2025-05-23 23:09:05 - INFO - total reward: -1.25
2025-05-23 23:09:05 - INFO - ##### Episode 207 #####
2025-05-23 23:09:05 - INFO - total reward: -1.75
2025-05-23 23:09:06 - INFO - ##### Episode 208 #####
2025-05-23 23:09:06 - INFO - total reward: 2.50
2025-05-23 23:09:06 - INFO - ##### Episode 209 #####
2025-05-23 23:09:06 - INFO - total reward: -1.50
2025-05-23 23:09:06 - INFO - ##### Episode 210 #####
2025-05-23 23:09:06 - INFO - total reward: -1.40
2025-05-23 23:09:06 - INFO - ##### Episode 211 #####
2025-05-23 23:09:06 - INFO - total reward: -1.75
2025-05-23 23:09:07 - INFO - ##### Episode 212 #####
2025-05-23 23:09:07 - INFO - total reward: -1.45
2025-05-23 23:09:07 - INFO - ##### Episode 213 #####
2025-05-23 23:09:07 - INFO - total reward: -1.70
2025-05-23 23:09:07 - INFO - ##### Episode 214 #####
2025-05-23 23:09:07 - INFO - total reward: -1.55
2025-05-23 23:09:07 - INFO - ##### Episode 215 #####
2025-05-23 23:09:07 - INFO - total reward: -1.75
2025-05-23 23:09:07 - INFO - ##### Episode 216 #####
2025-05-23 23:09:08 - INFO - total reward: 2.55
2025-05-23 23:09:08 - INFO - ##### Episode 217 #####
2025-05-23 23:09:08 - INFO - total reward: 2.80
2025-05-23 23:09:08 - INFO - ##### Episode 218 #####
2025-05-23 23:09:08 - INFO - total reward: 2.90
2025-05-23 23:09:08 - INFO - ##### Episode 219 #####
2025-05-23 23:09:08 - INFO - total reward: -1.55
2025-05-23 23:09:08 - INFO - ##### Episode 220 #####
2025-05-23 23:09:08 - INFO - total reward: -1.55
2025-05-23 23:09:09 - INFO - ##### Episode 221 #####
2025-05-23 23:09:09 - INFO - total reward: 2.70
2025-05-23 23:09:09 - INFO - ##### Episode 222 #####
2025-05-23 23:09:09 - INFO - total reward: -1.60
2025-05-23 23:09:09 - INFO - ##### Episode 223 #####
2025-05-23 23:09:09 - INFO - total reward: -1.65
2025-05-23 23:09:09 - INFO - ##### Episode 224 #####
2025-05-23 23:09:09 - INFO - total reward: -1.55
2025-05-23 23:09:10 - INFO - ##### Episode 225 #####
2025-05-23 23:09:10 - INFO - total reward: -1.75
2025-05-23 23:09:10 - INFO - ##### Episode 226 #####
2025-05-23 23:09:10 - INFO - total reward: -1.55
2025-05-23 23:09:10 - INFO - ##### Episode 227 #####
2025-05-23 23:09:10 - INFO - total reward: 2.85
2025-05-23 23:09:10 - INFO - ##### Episode 228 #####
2025-05-23 23:09:10 - INFO - total reward: -1.30
2025-05-23 23:09:10 - INFO - ##### Episode 229 #####
2025-05-23 23:09:10 - INFO - total reward: -1.35
2025-05-23 23:09:11 - INFO - ##### Episode 230 #####
2025-05-23 23:09:11 - INFO - total reward: 3.30
2025-05-23 23:09:11 - INFO - ##### Episode 231 #####
2025-05-23 23:09:11 - INFO - total reward: -1.30
2025-05-23 23:09:11 - INFO - ##### Episode 232 #####
2025-05-23 23:09:11 - INFO - total reward: -1.60
2025-05-23 23:09:11 - INFO - ##### Episode 233 #####
2025-05-23 23:09:11 - INFO - total reward: 2.70
2025-05-23 23:09:11 - INFO - ##### Episode 234 #####
2025-05-23 23:09:12 - INFO - total reward: -1.75
2025-05-23 23:09:12 - INFO - ##### Episode 235 #####
2025-05-23 23:09:12 - INFO - total reward: -1.65
2025-05-23 23:09:12 - INFO - ##### Episode 236 #####
2025-05-23 23:09:12 - INFO - total reward: 2.85
2025-05-23 23:09:12 - INFO - ##### Episode 237 #####
2025-05-23 23:09:12 - INFO - total reward: -1.50
2025-05-23 23:09:12 - INFO - ##### Episode 238 #####
2025-05-23 23:09:12 - INFO - total reward: -1.55
2025-05-23 23:09:13 - INFO - ##### Episode 239 #####
2025-05-23 23:09:13 - INFO - total reward: -1.60
2025-05-23 23:09:13 - INFO - ##### Episode 240 #####
2025-05-23 23:09:13 - INFO - total reward: 2.90
2025-05-23 23:09:13 - INFO - ##### Episode 241 #####
2025-05-23 23:09:13 - INFO - total reward: -1.55
2025-05-23 23:09:13 - INFO - ##### Episode 242 #####
2025-05-23 23:09:13 - INFO - total reward: -1.65
2025-05-23 23:09:13 - INFO - ##### Episode 243 #####
2025-05-23 23:09:13 - INFO - total reward: -1.75
2025-05-23 23:09:14 - INFO - ##### Episode 244 #####
2025-05-23 23:09:14 - INFO - total reward: -1.15
2025-05-23 23:09:14 - INFO - ##### Episode 245 #####
2025-05-23 23:09:14 - INFO - total reward: -1.60
2025-05-23 23:09:14 - INFO - ##### Episode 246 #####
2025-05-23 23:09:14 - INFO - total reward: -1.30
2025-05-23 23:09:14 - INFO - ##### Episode 247 #####
2025-05-23 23:09:14 - INFO - total reward: -1.35
2025-05-23 23:09:15 - INFO - ##### Episode 248 #####
2025-05-23 23:09:15 - INFO - total reward: -1.45
2025-05-23 23:09:15 - INFO - ##### Episode 249 #####
2025-05-23 23:09:15 - INFO - total reward: -1.20
2025-05-23 23:09:15 - INFO - ##### Episode 250 #####
2025-05-23 23:09:15 - INFO - total reward: -1.50
2025-05-23 23:09:15 - INFO - ##### Episode 251 #####
2025-05-23 23:09:15 - INFO - total reward: 3.00
2025-05-23 23:09:15 - INFO - ##### Episode 252 #####
2025-05-23 23:09:15 - INFO - total reward: -1.30
2025-05-23 23:09:16 - INFO - ##### Episode 253 #####
2025-05-23 23:09:16 - INFO - total reward: -1.75
2025-05-23 23:09:16 - INFO - ##### Episode 254 #####
2025-05-23 23:09:16 - INFO - total reward: 2.90
2025-05-23 23:09:16 - INFO - ##### Episode 255 #####
2025-05-23 23:09:16 - INFO - total reward: -1.70
2025-05-23 23:09:16 - INFO - ##### Episode 256 #####
2025-05-23 23:09:16 - INFO - total reward: -1.45
2025-05-23 23:09:16 - INFO - ##### Episode 257 #####
2025-05-23 23:09:17 - INFO - total reward: -1.55
2025-05-23 23:09:17 - INFO - ##### Episode 258 #####
2025-05-23 23:09:17 - INFO - total reward: -1.35
2025-05-23 23:09:17 - INFO - ##### Episode 259 #####
2025-05-23 23:09:17 - INFO - total reward: -1.50
2025-05-23 23:09:17 - INFO - ##### Episode 260 #####
2025-05-23 23:09:17 - INFO - total reward: -1.75
2025-05-23 23:09:17 - INFO - ##### Episode 261 #####
2025-05-23 23:09:17 - INFO - total reward: -1.50
2025-05-23 23:09:18 - INFO - ##### Episode 262 #####
2025-05-23 23:09:18 - INFO - total reward: -1.70
2025-05-23 23:09:18 - INFO - ##### Episode 263 #####
2025-05-23 23:09:18 - INFO - total reward: -1.45
2025-05-23 23:09:18 - INFO - ##### Episode 264 #####
2025-05-23 23:09:18 - INFO - total reward: 2.75
2025-05-23 23:09:18 - INFO - ##### Episode 265 #####
2025-05-23 23:09:18 - INFO - total reward: 2.80
2025-05-23 23:09:18 - INFO - ##### Episode 266 #####
2025-05-23 23:09:18 - INFO - total reward: -1.75
2025-05-23 23:09:19 - INFO - ##### Episode 267 #####
2025-05-23 23:09:19 - INFO - total reward: -1.55
2025-05-23 23:09:19 - INFO - ##### Episode 268 #####
2025-05-23 23:09:19 - INFO - total reward: 2.90
2025-05-23 23:09:19 - INFO - ##### Episode 269 #####
2025-05-23 23:09:19 - INFO - total reward: 2.85
2025-05-23 23:09:19 - INFO - ##### Episode 270 #####
2025-05-23 23:09:19 - INFO - total reward: 3.00
2025-05-23 23:09:20 - INFO - ##### Episode 271 #####
2025-05-23 23:09:20 - INFO - total reward: 2.90
2025-05-23 23:09:20 - INFO - ##### Episode 272 #####
2025-05-23 23:09:20 - INFO - total reward: -1.50
2025-05-23 23:09:20 - INFO - ##### Episode 273 #####
2025-05-23 23:09:20 - INFO - total reward: -1.60
2025-05-23 23:09:20 - INFO - ##### Episode 274 #####
2025-05-23 23:09:20 - INFO - total reward: -1.65
2025-05-23 23:09:20 - INFO - ##### Episode 275 #####
2025-05-23 23:09:20 - INFO - total reward: 2.70
2025-05-23 23:09:21 - INFO - ##### Episode 276 #####
2025-05-23 23:09:21 - INFO - total reward: -1.35
2025-05-23 23:09:21 - INFO - ##### Episode 277 #####
2025-05-23 23:09:21 - INFO - total reward: -1.65
2025-05-23 23:09:21 - INFO - ##### Episode 278 #####
2025-05-23 23:09:21 - INFO - total reward: 2.70
2025-05-23 23:09:21 - INFO - ##### Episode 279 #####
2025-05-23 23:09:21 - INFO - total reward: 2.50
2025-05-23 23:09:22 - INFO - ##### Episode 280 #####
2025-05-23 23:09:22 - INFO - total reward: 2.65
2025-05-23 23:09:22 - INFO - ##### Episode 281 #####
2025-05-23 23:09:22 - INFO - total reward: -1.70
2025-05-23 23:09:22 - INFO - ##### Episode 282 #####
2025-05-23 23:09:22 - INFO - total reward: -1.75
2025-05-23 23:09:22 - INFO - ##### Episode 283 #####
2025-05-23 23:09:22 - INFO - total reward: -1.70
2025-05-23 23:09:23 - INFO - ##### Episode 284 #####
2025-05-23 23:09:23 - INFO - total reward: -1.75
2025-05-23 23:09:23 - INFO - ##### Episode 285 #####
2025-05-23 23:09:23 - INFO - total reward: -1.40
2025-05-23 23:09:23 - INFO - ##### Episode 286 #####
2025-05-23 23:09:23 - INFO - total reward: 2.80
2025-05-23 23:09:23 - INFO - ##### Episode 287 #####
2025-05-23 23:09:23 - INFO - total reward: -1.75
2025-05-23 23:09:23 - INFO - ##### Episode 288 #####
2025-05-23 23:09:23 - INFO - total reward: 3.15
2025-05-23 23:09:24 - INFO - ##### Episode 289 #####
2025-05-23 23:09:24 - INFO - total reward: -1.60
2025-05-23 23:09:24 - INFO - ##### Episode 290 #####
2025-05-23 23:09:24 - INFO - total reward: -1.75
2025-05-23 23:09:24 - INFO - ##### Episode 291 #####
2025-05-23 23:09:24 - INFO - total reward: -1.75
2025-05-23 23:09:24 - INFO - ##### Episode 292 #####
2025-05-23 23:09:24 - INFO - total reward: -1.60
2025-05-23 23:09:25 - INFO - ##### Episode 293 #####
2025-05-23 23:09:25 - INFO - total reward: -1.25
2025-05-23 23:09:25 - INFO - ##### Episode 294 #####
2025-05-23 23:09:25 - INFO - total reward: 2.65
2025-05-23 23:09:25 - INFO - ##### Episode 295 #####
2025-05-23 23:09:25 - INFO - total reward: 2.80
2025-05-23 23:09:25 - INFO - ##### Episode 296 #####
2025-05-23 23:09:25 - INFO - total reward: -1.35
2025-05-23 23:09:25 - INFO - ##### Episode 297 #####
2025-05-23 23:09:25 - INFO - total reward: 2.55
2025-05-23 23:09:26 - INFO - ##### Episode 298 #####
2025-05-23 23:09:26 - INFO - total reward: -1.45
2025-05-23 23:09:26 - INFO - ##### Episode 299 #####
2025-05-23 23:09:26 - INFO - total reward: -1.65
2025-05-23 23:09:26 - INFO - ##### Episode 300 #####
2025-05-23 23:09:26 - INFO - total reward: -1.60
2025-05-23 23:09:26 - INFO - Player 0 wins: [160 (55) 82 (29) 35 (10) 23 (6)]
2025-05-23 23:09:26 - INFO - Player 1 wins: [74 (28) 92 (37) 78 (18) 56 (17)]
2025-05-23 23:09:26 - INFO - Player 2 wins: [29 (7) 59 (19) 96 (31) 116 (43)]
2025-05-23 23:09:26 - INFO - Player 3 wins: [37 (10) 67 (15) 91 (41) 105 (34)]
2025-05-23 23:09:26 - INFO - ##### Episode 301 #####
2025-05-23 23:09:26 - INFO - total reward: -1.75
2025-05-23 23:09:27 - INFO - ##### Episode 302 #####
2025-05-23 23:09:27 - INFO - total reward: -1.75
2025-05-23 23:09:27 - INFO - ##### Episode 303 #####
2025-05-23 23:09:27 - INFO - total reward: -1.65
2025-05-23 23:09:27 - INFO - ##### Episode 304 #####
2025-05-23 23:09:27 - INFO - total reward: -1.75
2025-05-23 23:09:27 - INFO - ##### Episode 305 #####
2025-05-23 23:09:27 - INFO - total reward: 3.00
2025-05-23 23:09:28 - INFO - ##### Episode 306 #####
2025-05-23 23:09:28 - INFO - total reward: -1.75
2025-05-23 23:09:28 - INFO - ##### Episode 307 #####
2025-05-23 23:09:28 - INFO - total reward: 2.55
2025-05-23 23:09:28 - INFO - ##### Episode 308 #####
2025-05-23 23:09:28 - INFO - total reward: -1.55
2025-05-23 23:09:28 - INFO - ##### Episode 309 #####
2025-05-23 23:09:28 - INFO - total reward: -1.55
2025-05-23 23:09:28 - INFO - ##### Episode 310 #####
2025-05-23 23:09:28 - INFO - total reward: -1.60
2025-05-23 23:09:29 - INFO - ##### Episode 311 #####
2025-05-23 23:09:29 - INFO - total reward: 2.60
2025-05-23 23:09:29 - INFO - ##### Episode 312 #####
2025-05-23 23:09:29 - INFO - total reward: -1.75
2025-05-23 23:09:29 - INFO - ##### Episode 313 #####
2025-05-23 23:09:29 - INFO - total reward: -1.65
2025-05-23 23:09:29 - INFO - ##### Episode 314 #####
2025-05-23 23:09:29 - INFO - total reward: 3.40
2025-05-23 23:09:30 - INFO - ##### Episode 315 #####
2025-05-23 23:09:30 - INFO - total reward: -1.45
2025-05-23 23:09:30 - INFO - ##### Episode 316 #####
2025-05-23 23:09:30 - INFO - total reward: -1.65
2025-05-23 23:09:30 - INFO - ##### Episode 317 #####
2025-05-23 23:09:30 - INFO - total reward: -1.70
2025-05-23 23:09:30 - INFO - ##### Episode 318 #####
2025-05-23 23:09:30 - INFO - total reward: 2.90
2025-05-23 23:09:31 - INFO - ##### Episode 319 #####
2025-05-23 23:09:31 - INFO - total reward: -1.35
2025-05-23 23:09:31 - INFO - ##### Episode 320 #####
2025-05-23 23:09:31 - INFO - total reward: -1.45
2025-05-23 23:09:31 - INFO - ##### Episode 321 #####
2025-05-23 23:09:31 - INFO - total reward: 3.10
2025-05-23 23:09:31 - INFO - ##### Episode 322 #####
2025-05-23 23:09:31 - INFO - total reward: 2.70
2025-05-23 23:09:31 - INFO - ##### Episode 323 #####
2025-05-23 23:09:31 - INFO - total reward: -1.45
2025-05-23 23:09:32 - INFO - ##### Episode 324 #####
2025-05-23 23:09:32 - INFO - total reward: -1.30
2025-05-23 23:09:32 - INFO - ##### Episode 325 #####
2025-05-23 23:09:32 - INFO - total reward: -1.45
2025-05-23 23:09:32 - INFO - ##### Episode 326 #####
2025-05-23 23:09:32 - INFO - total reward: -1.75
2025-05-23 23:09:32 - INFO - ##### Episode 327 #####
2025-05-23 23:09:32 - INFO - total reward: -1.55
2025-05-23 23:09:33 - INFO - ##### Episode 328 #####
2025-05-23 23:09:33 - INFO - total reward: -1.65
2025-05-23 23:09:33 - INFO - ##### Episode 329 #####
2025-05-23 23:09:33 - INFO - total reward: -1.70
2025-05-23 23:09:33 - INFO - ##### Episode 330 #####
2025-05-23 23:09:33 - INFO - total reward: -1.75
2025-05-23 23:09:33 - INFO - ##### Episode 331 #####
2025-05-23 23:09:33 - INFO - total reward: -1.50
2025-05-23 23:09:33 - INFO - ##### Episode 332 #####
2025-05-23 23:09:33 - INFO - total reward: -1.70
2025-05-23 23:09:34 - INFO - ##### Episode 333 #####
2025-05-23 23:09:34 - INFO - total reward: -1.75
2025-05-23 23:09:34 - INFO - ##### Episode 334 #####
2025-05-23 23:09:34 - INFO - total reward: -1.30
2025-05-23 23:09:34 - INFO - ##### Episode 335 #####
2025-05-23 23:09:34 - INFO - total reward: -1.55
2025-05-23 23:09:34 - INFO - ##### Episode 336 #####
2025-05-23 23:09:34 - INFO - total reward: -1.45
2025-05-23 23:09:35 - INFO - ##### Episode 337 #####
2025-05-23 23:09:35 - INFO - total reward: 2.55
2025-05-23 23:09:35 - INFO - ##### Episode 338 #####
2025-05-23 23:09:35 - INFO - total reward: -1.55
2025-05-23 23:09:35 - INFO - ##### Episode 339 #####
2025-05-23 23:09:35 - INFO - total reward: -1.65
2025-05-23 23:09:35 - INFO - ##### Episode 340 #####
2025-05-23 23:09:35 - INFO - total reward: 2.80
2025-05-23 23:09:35 - INFO - ##### Episode 341 #####
2025-05-23 23:09:35 - INFO - total reward: 2.60
2025-05-23 23:09:36 - INFO - ##### Episode 342 #####
2025-05-23 23:09:36 - INFO - total reward: -1.70
2025-05-23 23:09:36 - INFO - ##### Episode 343 #####
2025-05-23 23:09:36 - INFO - total reward: -1.60
2025-05-23 23:09:36 - INFO - ##### Episode 344 #####
2025-05-23 23:09:36 - INFO - total reward: -1.75
2025-05-23 23:09:36 - INFO - ##### Episode 345 #####
2025-05-23 23:09:36 - INFO - total reward: 3.25
2025-05-23 23:09:37 - INFO - ##### Episode 346 #####
2025-05-23 23:09:37 - INFO - total reward: -1.65
2025-05-23 23:09:37 - INFO - ##### Episode 347 #####
2025-05-23 23:09:37 - INFO - total reward: -1.45
2025-05-23 23:09:37 - INFO - ##### Episode 348 #####
2025-05-23 23:09:37 - INFO - total reward: -1.55
2025-05-23 23:09:37 - INFO - ##### Episode 349 #####
2025-05-23 23:09:37 - INFO - total reward: 2.95
2025-05-23 23:09:38 - INFO - ##### Episode 350 #####
2025-05-23 23:09:38 - INFO - total reward: -1.70
2025-05-23 23:09:38 - INFO - ##### Episode 351 #####
2025-05-23 23:09:38 - INFO - total reward: -1.70
2025-05-23 23:09:38 - INFO - ##### Episode 352 #####
2025-05-23 23:09:38 - INFO - total reward: -1.55
2025-05-23 23:09:38 - INFO - ##### Episode 353 #####
2025-05-23 23:09:38 - INFO - total reward: -1.70
2025-05-23 23:09:38 - INFO - ##### Episode 354 #####
2025-05-23 23:09:38 - INFO - total reward: -1.75
2025-05-23 23:09:39 - INFO - ##### Episode 355 #####
2025-05-23 23:09:39 - INFO - total reward: -1.50
2025-05-23 23:09:39 - INFO - ##### Episode 356 #####
2025-05-23 23:09:39 - INFO - total reward: -1.45
2025-05-23 23:09:39 - INFO - ##### Episode 357 #####
2025-05-23 23:09:39 - INFO - total reward: -1.60
2025-05-23 23:09:39 - INFO - ##### Episode 358 #####
2025-05-23 23:09:39 - INFO - total reward: -1.45
2025-05-23 23:09:40 - INFO - ##### Episode 359 #####
2025-05-23 23:09:40 - INFO - total reward: -1.75
2025-05-23 23:09:40 - INFO - ##### Episode 360 #####
2025-05-23 23:09:40 - INFO - total reward: -1.30
2025-05-23 23:09:40 - INFO - ##### Episode 361 #####
2025-05-23 23:09:40 - INFO - total reward: -1.40
2025-05-23 23:09:40 - INFO - ##### Episode 362 #####
2025-05-23 23:09:40 - INFO - total reward: -1.35
2025-05-23 23:09:40 - INFO - ##### Episode 363 #####
2025-05-23 23:09:41 - INFO - total reward: -1.45
2025-05-23 23:09:41 - INFO - ##### Episode 364 #####
2025-05-23 23:09:41 - INFO - total reward: -1.75
2025-05-23 23:09:41 - INFO - ##### Episode 365 #####
2025-05-23 23:09:41 - INFO - total reward: -1.75
2025-05-23 23:09:41 - INFO - ##### Episode 366 #####
2025-05-23 23:09:41 - INFO - total reward: 2.70
2025-05-23 23:09:41 - INFO - ##### Episode 367 #####
2025-05-23 23:09:41 - INFO - total reward: -1.75
2025-05-23 23:09:42 - INFO - ##### Episode 368 #####
2025-05-23 23:09:42 - INFO - total reward: -1.75
2025-05-23 23:09:42 - INFO - ##### Episode 369 #####
2025-05-23 23:09:42 - INFO - total reward: -1.75
2025-05-23 23:09:42 - INFO - ##### Episode 370 #####
2025-05-23 23:09:42 - INFO - total reward: 2.70
2025-05-23 23:09:42 - INFO - ##### Episode 371 #####
2025-05-23 23:09:42 - INFO - total reward: -1.75
2025-05-23 23:09:42 - INFO - ##### Episode 372 #####
2025-05-23 23:09:43 - INFO - total reward: 2.85
2025-05-23 23:09:43 - INFO - ##### Episode 373 #####
2025-05-23 23:09:43 - INFO - total reward: -1.50
2025-05-23 23:09:43 - INFO - ##### Episode 374 #####
2025-05-23 23:09:43 - INFO - total reward: -1.55
2025-05-23 23:09:43 - INFO - ##### Episode 375 #####
2025-05-23 23:09:43 - INFO - total reward: -1.75
2025-05-23 23:09:43 - INFO - ##### Episode 376 #####
2025-05-23 23:09:44 - INFO - total reward: -1.50
2025-05-23 23:09:44 - INFO - ##### Episode 377 #####
2025-05-23 23:09:44 - INFO - total reward: 2.65
2025-05-23 23:09:44 - INFO - ##### Episode 378 #####
2025-05-23 23:09:44 - INFO - total reward: -1.70
2025-05-23 23:09:44 - INFO - ##### Episode 379 #####
2025-05-23 23:09:44 - INFO - total reward: 2.55
2025-05-23 23:09:44 - INFO - ##### Episode 380 #####
2025-05-23 23:09:44 - INFO - total reward: 2.75
2025-05-23 23:09:45 - INFO - ##### Episode 381 #####
2025-05-23 23:09:45 - INFO - total reward: -1.60
2025-05-23 23:09:45 - INFO - ##### Episode 382 #####
2025-05-23 23:09:45 - INFO - total reward: -1.30
2025-05-23 23:09:45 - INFO - ##### Episode 383 #####
2025-05-23 23:09:45 - INFO - total reward: -1.40
2025-05-23 23:09:45 - INFO - ##### Episode 384 #####
2025-05-23 23:09:45 - INFO - total reward: -1.65
2025-05-23 23:09:45 - INFO - ##### Episode 385 #####
2025-05-23 23:09:45 - INFO - total reward: -1.45
2025-05-23 23:09:46 - INFO - ##### Episode 386 #####
2025-05-23 23:09:46 - INFO - total reward: -1.40
2025-05-23 23:09:46 - INFO - ##### Episode 387 #####
2025-05-23 23:09:46 - INFO - total reward: -1.60
2025-05-23 23:09:46 - INFO - ##### Episode 388 #####
2025-05-23 23:09:46 - INFO - total reward: 2.55
2025-05-23 23:09:46 - INFO - ##### Episode 389 #####
2025-05-23 23:09:46 - INFO - total reward: -1.25
2025-05-23 23:09:47 - INFO - ##### Episode 390 #####
2025-05-23 23:09:47 - INFO - total reward: 2.65
2025-05-23 23:09:47 - INFO - ##### Episode 391 #####
2025-05-23 23:09:47 - INFO - total reward: -1.50
2025-05-23 23:09:47 - INFO - ##### Episode 392 #####
2025-05-23 23:09:47 - INFO - total reward: -1.40
2025-05-23 23:09:47 - INFO - ##### Episode 393 #####
2025-05-23 23:09:47 - INFO - total reward: -1.65
2025-05-23 23:09:47 - INFO - ##### Episode 394 #####
2025-05-23 23:09:47 - INFO - total reward: -1.65
2025-05-23 23:09:48 - INFO - ##### Episode 395 #####
2025-05-23 23:09:48 - INFO - total reward: -1.70
2025-05-23 23:09:48 - INFO - ##### Episode 396 #####
2025-05-23 23:09:48 - INFO - total reward: -1.35
2025-05-23 23:09:48 - INFO - ##### Episode 397 #####
2025-05-23 23:09:48 - INFO - total reward: 2.70
2025-05-23 23:09:48 - INFO - ##### Episode 398 #####
2025-05-23 23:09:48 - INFO - total reward: -1.30
2025-05-23 23:09:48 - INFO - ##### Episode 399 #####
2025-05-23 23:09:49 - INFO - total reward: -1.65
2025-05-23 23:09:49 - INFO - ##### Episode 400 #####
2025-05-23 23:09:49 - INFO - total reward: -1.70
2025-05-23 23:09:49 - INFO - Player 0 wins: [216 (56) 104 (22) 47 (12) 33 (10)]
2025-05-23 23:09:49 - INFO - Player 1 wins: [95 (21) 134 (42) 97 (19) 74 (18)]
2025-05-23 23:09:49 - INFO - Player 2 wins: [40 (11) 76 (17) 128 (32) 156 (40)]
2025-05-23 23:09:49 - INFO - Player 3 wins: [49 (12) 86 (19) 128 (37) 137 (32)]
2025-05-23 23:09:49 - INFO - ##### Episode 401 #####
2025-05-23 23:09:49 - INFO - total reward: 2.70
2025-05-23 23:09:49 - INFO - ##### Episode 402 #####
2025-05-23 23:09:49 - INFO - total reward: -1.65
2025-05-23 23:09:49 - INFO - ##### Episode 403 #####
2025-05-23 23:09:49 - INFO - total reward: -1.55
2025-05-23 23:09:50 - INFO - ##### Episode 404 #####
2025-05-23 23:09:50 - INFO - total reward: -1.40
2025-05-23 23:09:50 - INFO - ##### Episode 405 #####
2025-05-23 23:09:50 - INFO - total reward: -1.50
2025-05-23 23:09:50 - INFO - ##### Episode 406 #####
2025-05-23 23:09:50 - INFO - total reward: -1.75
2025-05-23 23:09:50 - INFO - ##### Episode 407 #####
2025-05-23 23:09:50 - INFO - total reward: 2.45
2025-05-23 23:09:50 - INFO - ##### Episode 408 #####
2025-05-23 23:09:51 - INFO - total reward: -1.75
2025-05-23 23:09:51 - INFO - ##### Episode 409 #####
2025-05-23 23:09:51 - INFO - total reward: -1.65
2025-05-23 23:09:51 - INFO - ##### Episode 410 #####
2025-05-23 23:09:51 - INFO - total reward: -1.60
2025-05-23 23:09:51 - INFO - ##### Episode 411 #####
2025-05-23 23:09:51 - INFO - total reward: -1.65
2025-05-23 23:09:51 - INFO - ##### Episode 412 #####
2025-05-23 23:09:51 - INFO - total reward: -1.55
2025-05-23 23:09:52 - INFO - ##### Episode 413 #####
2025-05-23 23:09:52 - INFO - total reward: -1.25
2025-05-23 23:09:52 - INFO - ##### Episode 414 #####
2025-05-23 23:09:52 - INFO - total reward: -1.60
2025-05-23 23:09:52 - INFO - ##### Episode 415 #####
2025-05-23 23:09:52 - INFO - total reward: 2.50
2025-05-23 23:09:52 - INFO - ##### Episode 416 #####
2025-05-23 23:09:52 - INFO - total reward: -1.75
2025-05-23 23:09:53 - INFO - ##### Episode 417 #####
2025-05-23 23:09:53 - INFO - total reward: -1.55
2025-05-23 23:09:53 - INFO - ##### Episode 418 #####
2025-05-23 23:09:53 - INFO - total reward: -1.45
2025-05-23 23:09:53 - INFO - ##### Episode 419 #####
2025-05-23 23:09:53 - INFO - total reward: -1.55
2025-05-23 23:09:53 - INFO - ##### Episode 420 #####
2025-05-23 23:09:53 - INFO - total reward: -1.60
2025-05-23 23:09:53 - INFO - ##### Episode 421 #####
2025-05-23 23:09:54 - INFO - total reward: -1.50
2025-05-23 23:09:54 - INFO - ##### Episode 422 #####
2025-05-23 23:09:54 - INFO - total reward: -1.60
2025-05-23 23:09:54 - INFO - ##### Episode 423 #####
2025-05-23 23:09:54 - INFO - total reward: -1.60
2025-05-23 23:09:54 - INFO - ##### Episode 424 #####
2025-05-23 23:09:54 - INFO - total reward: -1.55
2025-05-23 23:09:54 - INFO - ##### Episode 425 #####
2025-05-23 23:09:54 - INFO - total reward: -1.45
2025-05-23 23:09:55 - INFO - ##### Episode 426 #####
2025-05-23 23:09:55 - INFO - total reward: -1.55
2025-05-23 23:09:55 - INFO - ##### Episode 427 #####
2025-05-23 23:09:55 - INFO - total reward: 2.85
2025-05-23 23:09:55 - INFO - ##### Episode 428 #####
2025-05-23 23:09:55 - INFO - total reward: 2.50
2025-05-23 23:09:55 - INFO - ##### Episode 429 #####
2025-05-23 23:09:55 - INFO - total reward: -1.70
2025-05-23 23:09:55 - INFO - ##### Episode 430 #####
2025-05-23 23:09:56 - INFO - total reward: -1.75
2025-05-23 23:09:56 - INFO - ##### Episode 431 #####
2025-05-23 23:09:56 - INFO - total reward: 2.75
2025-05-23 23:09:56 - INFO - ##### Episode 432 #####
2025-05-23 23:09:56 - INFO - total reward: -1.75
2025-05-23 23:09:56 - INFO - ##### Episode 433 #####
2025-05-23 23:09:56 - INFO - total reward: -1.50
2025-05-23 23:09:56 - INFO - ##### Episode 434 #####
2025-05-23 23:09:56 - INFO - total reward: -1.60
2025-05-23 23:09:57 - INFO - ##### Episode 435 #####
2025-05-23 23:09:57 - INFO - total reward: -1.35
2025-05-23 23:09:57 - INFO - ##### Episode 436 #####
2025-05-23 23:09:57 - INFO - total reward: -1.45
2025-05-23 23:09:57 - INFO - ##### Episode 437 #####
2025-05-23 23:09:57 - INFO - total reward: 2.85
2025-05-23 23:09:57 - INFO - ##### Episode 438 #####
2025-05-23 23:09:57 - INFO - total reward: 2.85
2025-05-23 23:09:57 - INFO - ##### Episode 439 #####
2025-05-23 23:09:58 - INFO - total reward: -1.35
2025-05-23 23:09:58 - INFO - ##### Episode 440 #####
2025-05-23 23:09:58 - INFO - total reward: -1.75
2025-05-23 23:09:58 - INFO - ##### Episode 441 #####
2025-05-23 23:09:58 - INFO - total reward: -1.75
2025-05-23 23:09:58 - INFO - ##### Episode 442 #####
2025-05-23 23:09:58 - INFO - total reward: -1.60
2025-05-23 23:09:58 - INFO - ##### Episode 443 #####
2025-05-23 23:09:58 - INFO - total reward: 2.60
2025-05-23 23:09:59 - INFO - ##### Episode 444 #####
2025-05-23 23:09:59 - INFO - total reward: 2.70
2025-05-23 23:09:59 - INFO - ##### Episode 445 #####
2025-05-23 23:09:59 - INFO - total reward: -1.75
2025-05-23 23:09:59 - INFO - ##### Episode 446 #####
2025-05-23 23:09:59 - INFO - total reward: -1.70
2025-05-23 23:09:59 - INFO - ##### Episode 447 #####
2025-05-23 23:09:59 - INFO - total reward: -1.50
2025-05-23 23:10:00 - INFO - ##### Episode 448 #####
2025-05-23 23:10:00 - INFO - total reward: -1.65
2025-05-23 23:10:00 - INFO - ##### Episode 449 #####
2025-05-23 23:10:00 - INFO - total reward: 2.45
2025-05-23 23:10:00 - INFO - ##### Episode 450 #####
2025-05-23 23:10:00 - INFO - total reward: -1.40
2025-05-23 23:10:00 - INFO - ##### Episode 451 #####
2025-05-23 23:10:00 - INFO - total reward: -1.65
2025-05-23 23:10:00 - INFO - ##### Episode 452 #####
2025-05-23 23:10:01 - INFO - total reward: -1.75
2025-05-23 23:10:01 - INFO - ##### Episode 453 #####
2025-05-23 23:10:01 - INFO - total reward: -1.35
2025-05-23 23:10:01 - INFO - ##### Episode 454 #####
2025-05-23 23:10:01 - INFO - total reward: 2.85
2025-05-23 23:10:01 - INFO - ##### Episode 455 #####
2025-05-23 23:10:01 - INFO - total reward: -1.45
2025-05-23 23:10:01 - INFO - ##### Episode 456 #####
2025-05-23 23:10:01 - INFO - total reward: -1.70
2025-05-23 23:10:02 - INFO - ##### Episode 457 #####
2025-05-23 23:10:02 - INFO - total reward: 2.55
2025-05-23 23:10:02 - INFO - ##### Episode 458 #####
2025-05-23 23:10:02 - INFO - total reward: -1.55
2025-05-23 23:10:02 - INFO - ##### Episode 459 #####
2025-05-23 23:10:02 - INFO - total reward: -1.65
2025-05-23 23:10:02 - INFO - ##### Episode 460 #####
2025-05-23 23:10:02 - INFO - total reward: 2.85
2025-05-23 23:10:02 - INFO - ##### Episode 461 #####
2025-05-23 23:10:02 - INFO - total reward: 2.90
2025-05-23 23:10:03 - INFO - ##### Episode 462 #####
2025-05-23 23:10:03 - INFO - total reward: 2.90
2025-05-23 23:10:03 - INFO - ##### Episode 463 #####
2025-05-23 23:10:03 - INFO - total reward: -1.75
2025-05-23 23:10:03 - INFO - ##### Episode 464 #####
2025-05-23 23:10:03 - INFO - total reward: -1.60
2025-05-23 23:10:03 - INFO - ##### Episode 465 #####
2025-05-23 23:10:03 - INFO - total reward: -1.65
2025-05-23 23:10:04 - INFO - ##### Episode 466 #####
2025-05-23 23:10:04 - INFO - total reward: -1.65
2025-05-23 23:10:04 - INFO - ##### Episode 467 #####
2025-05-23 23:10:04 - INFO - total reward: -1.55
2025-05-23 23:10:04 - INFO - ##### Episode 468 #####
2025-05-23 23:10:04 - INFO - total reward: -1.65
2025-05-23 23:10:04 - INFO - ##### Episode 469 #####
2025-05-23 23:10:04 - INFO - total reward: -1.60
2025-05-23 23:10:04 - INFO - ##### Episode 470 #####
2025-05-23 23:10:05 - INFO - total reward: -1.50
2025-05-23 23:10:05 - INFO - ##### Episode 471 #####
2025-05-23 23:10:05 - INFO - total reward: 2.55
2025-05-23 23:10:05 - INFO - ##### Episode 472 #####
2025-05-23 23:10:05 - INFO - total reward: 2.75
2025-05-23 23:10:05 - INFO - ##### Episode 473 #####
2025-05-23 23:10:05 - INFO - total reward: -1.65
2025-05-23 23:10:05 - INFO - ##### Episode 474 #####
2025-05-23 23:10:05 - INFO - total reward: -1.70
2025-05-23 23:10:06 - INFO - ##### Episode 475 #####
2025-05-23 23:10:06 - INFO - total reward: -1.60
2025-05-23 23:10:06 - INFO - ##### Episode 476 #####
2025-05-23 23:10:06 - INFO - total reward: -1.75
2025-05-23 23:10:06 - INFO - ##### Episode 477 #####
2025-05-23 23:10:06 - INFO - total reward: -1.55
2025-05-23 23:10:06 - INFO - ##### Episode 478 #####
2025-05-23 23:10:06 - INFO - total reward: 2.65
2025-05-23 23:10:07 - INFO - ##### Episode 479 #####
2025-05-23 23:10:07 - INFO - total reward: 3.20
2025-05-23 23:10:07 - INFO - ##### Episode 480 #####
2025-05-23 23:10:07 - INFO - total reward: -1.70
2025-05-23 23:10:07 - INFO - ##### Episode 481 #####
2025-05-23 23:10:07 - INFO - total reward: 2.85
2025-05-23 23:10:07 - INFO - ##### Episode 482 #####
2025-05-23 23:10:07 - INFO - total reward: -1.55
2025-05-23 23:10:07 - INFO - ##### Episode 483 #####
2025-05-23 23:10:08 - INFO - total reward: -1.65
2025-05-23 23:10:08 - INFO - ##### Episode 484 #####
2025-05-23 23:10:08 - INFO - total reward: -1.75
2025-05-23 23:10:08 - INFO - ##### Episode 485 #####
2025-05-23 23:10:08 - INFO - total reward: -1.65
2025-05-23 23:10:08 - INFO - ##### Episode 486 #####
2025-05-23 23:10:08 - INFO - total reward: 2.75
2025-05-23 23:10:08 - INFO - ##### Episode 487 #####
2025-05-23 23:10:08 - INFO - total reward: 3.20
2025-05-23 23:10:09 - INFO - ##### Episode 488 #####
2025-05-23 23:10:09 - INFO - total reward: 2.85
2025-05-23 23:10:09 - INFO - ##### Episode 489 #####
2025-05-23 23:10:09 - INFO - total reward: -1.75
2025-05-23 23:10:09 - INFO - ##### Episode 490 #####
2025-05-23 23:10:09 - INFO - total reward: -1.60
2025-05-23 23:10:09 - INFO - ##### Episode 491 #####
2025-05-23 23:10:09 - INFO - total reward: -1.75
2025-05-23 23:10:09 - INFO - ##### Episode 492 #####
2025-05-23 23:10:09 - INFO - total reward: -1.75
2025-05-23 23:10:10 - INFO - ##### Episode 493 #####
2025-05-23 23:10:10 - INFO - total reward: -1.25
2025-05-23 23:10:10 - INFO - ##### Episode 494 #####
2025-05-23 23:10:10 - INFO - total reward: -1.60
2025-05-23 23:10:10 - INFO - ##### Episode 495 #####
2025-05-23 23:10:10 - INFO - total reward: -1.55
2025-05-23 23:10:10 - INFO - ##### Episode 496 #####
2025-05-23 23:10:10 - INFO - total reward: -1.65
2025-05-23 23:10:11 - INFO - ##### Episode 497 #####
2025-05-23 23:10:11 - INFO - total reward: -1.60
2025-05-23 23:10:11 - INFO - ##### Episode 498 #####
2025-05-23 23:10:11 - INFO - total reward: -1.40
2025-05-23 23:10:11 - INFO - ##### Episode 499 #####
2025-05-23 23:10:11 - INFO - total reward: -1.30
2025-05-23 23:10:11 - INFO - ##### Episode 500 #####
2025-05-23 23:10:11 - INFO - total reward: -1.75
2025-05-23 23:10:11 - INFO - Player 0 wins: [279 (63) 128 (24) 56 (9) 37 (4)]
2025-05-23 23:10:11 - INFO - Player 1 wins: [119 (24) 174 (40) 117 (20) 90 (16)]
2025-05-23 23:10:11 - INFO - Player 2 wins: [46 (6) 92 (16) 154 (26) 208 (52)]
2025-05-23 23:10:11 - INFO - Player 3 wins: [56 (7) 106 (20) 173 (45) 165 (28)]
2025-05-23 23:10:11 - INFO - ##### Episode 501 #####
2025-05-23 23:10:11 - INFO - total reward: 3.10
2025-05-23 23:10:12 - INFO - ##### Episode 502 #####
2025-05-23 23:10:12 - INFO - total reward: 2.75
2025-05-23 23:10:12 - INFO - ##### Episode 503 #####
2025-05-23 23:10:12 - INFO - total reward: -1.65
2025-05-23 23:10:12 - INFO - ##### Episode 504 #####
2025-05-23 23:10:12 - INFO - total reward: -1.75
2025-05-23 23:10:12 - INFO - ##### Episode 505 #####
2025-05-23 23:10:12 - INFO - total reward: -1.75
2025-05-23 23:10:13 - INFO - ##### Episode 506 #####
2025-05-23 23:10:13 - INFO - total reward: 2.55
2025-05-23 23:10:13 - INFO - ##### Episode 507 #####
2025-05-23 23:10:13 - INFO - total reward: -1.55
2025-05-23 23:10:13 - INFO - ##### Episode 508 #####
2025-05-23 23:10:13 - INFO - total reward: -1.30
2025-05-23 23:10:13 - INFO - ##### Episode 509 #####
2025-05-23 23:10:13 - INFO - total reward: -1.45
2025-05-23 23:10:13 - INFO - ##### Episode 510 #####
2025-05-23 23:10:13 - INFO - total reward: 2.45
2025-05-23 23:10:14 - INFO - ##### Episode 511 #####
2025-05-23 23:10:14 - INFO - total reward: -1.55
2025-05-23 23:10:14 - INFO - ##### Episode 512 #####
2025-05-23 23:10:14 - INFO - total reward: -1.75
2025-05-23 23:10:14 - INFO - ##### Episode 513 #####
2025-05-23 23:10:14 - INFO - total reward: -1.35
2025-05-23 23:10:14 - INFO - ##### Episode 514 #####
2025-05-23 23:10:14 - INFO - total reward: 2.95
2025-05-23 23:10:15 - INFO - ##### Episode 515 #####
2025-05-23 23:10:15 - INFO - total reward: -1.40
2025-05-23 23:10:15 - INFO - ##### Episode 516 #####
2025-05-23 23:10:15 - INFO - total reward: -1.55
2025-05-23 23:10:15 - INFO - ##### Episode 517 #####
2025-05-23 23:10:15 - INFO - total reward: -1.75
2025-05-23 23:10:15 - INFO - ##### Episode 518 #####
2025-05-23 23:10:15 - INFO - total reward: 2.60
2025-05-23 23:10:15 - INFO - ##### Episode 519 #####
2025-05-23 23:10:16 - INFO - total reward: -1.45
2025-05-23 23:10:16 - INFO - ##### Episode 520 #####
2025-05-23 23:10:16 - INFO - total reward: -1.60
2025-05-23 23:10:16 - INFO - ##### Episode 521 #####
2025-05-23 23:10:16 - INFO - total reward: -1.75
2025-05-23 23:10:16 - INFO - ##### Episode 522 #####
2025-05-23 23:10:16 - INFO - total reward: -1.50
2025-05-23 23:10:16 - INFO - ##### Episode 523 #####
2025-05-23 23:10:16 - INFO - total reward: 2.80
2025-05-23 23:10:17 - INFO - ##### Episode 524 #####
2025-05-23 23:10:17 - INFO - total reward: -1.75
2025-05-23 23:10:17 - INFO - ##### Episode 525 #####
2025-05-23 23:10:17 - INFO - total reward: 2.85
2025-05-23 23:10:17 - INFO - ##### Episode 526 #####
2025-05-23 23:10:17 - INFO - total reward: -1.75
2025-05-23 23:10:17 - INFO - ##### Episode 527 #####
2025-05-23 23:10:17 - INFO - total reward: 2.60
2025-05-23 23:10:17 - INFO - ##### Episode 528 #####
2025-05-23 23:10:18 - INFO - total reward: -1.60
2025-05-23 23:10:18 - INFO - ##### Episode 529 #####
2025-05-23 23:10:18 - INFO - total reward: -1.45
2025-05-23 23:10:18 - INFO - ##### Episode 530 #####
2025-05-23 23:10:18 - INFO - total reward: -1.35
2025-05-23 23:10:18 - INFO - ##### Episode 531 #####
2025-05-23 23:10:18 - INFO - total reward: 2.60
2025-05-23 23:10:18 - INFO - ##### Episode 532 #####
2025-05-23 23:10:18 - INFO - total reward: -1.40
2025-05-23 23:10:19 - INFO - ##### Episode 533 #####
2025-05-23 23:10:19 - INFO - total reward: -1.20
2025-05-23 23:10:19 - INFO - ##### Episode 534 #####
2025-05-23 23:10:19 - INFO - total reward: -1.75
2025-05-23 23:10:19 - INFO - ##### Episode 535 #####
2025-05-23 23:10:19 - INFO - total reward: -1.25
2025-05-23 23:10:19 - INFO - ##### Episode 536 #####
2025-05-23 23:10:19 - INFO - total reward: -1.60
2025-05-23 23:10:19 - INFO - ##### Episode 537 #####
2025-05-23 23:10:19 - INFO - total reward: -1.75
2025-05-23 23:10:20 - INFO - ##### Episode 538 #####
2025-05-23 23:10:20 - INFO - total reward: 2.85
2025-05-23 23:10:20 - INFO - ##### Episode 539 #####
2025-05-23 23:10:20 - INFO - total reward: -1.75
2025-05-23 23:10:20 - INFO - ##### Episode 540 #####
2025-05-23 23:10:20 - INFO - total reward: -1.45
2025-05-23 23:10:20 - INFO - ##### Episode 541 #####
2025-05-23 23:10:20 - INFO - total reward: 2.50
2025-05-23 23:10:21 - INFO - ##### Episode 542 #####
2025-05-23 23:10:21 - INFO - total reward: -1.75
2025-05-23 23:10:21 - INFO - ##### Episode 543 #####
2025-05-23 23:10:21 - INFO - total reward: -1.60
2025-05-23 23:10:21 - INFO - ##### Episode 544 #####
2025-05-23 23:10:21 - INFO - total reward: 2.80
2025-05-23 23:10:21 - INFO - ##### Episode 545 #####
2025-05-23 23:10:21 - INFO - total reward: -1.70
2025-05-23 23:10:22 - INFO - ##### Episode 546 #####
2025-05-23 23:10:22 - INFO - total reward: -1.65
2025-05-23 23:10:22 - INFO - ##### Episode 547 #####
2025-05-23 23:10:22 - INFO - total reward: -1.60
2025-05-23 23:10:22 - INFO - ##### Episode 548 #####
2025-05-23 23:10:22 - INFO - total reward: -1.40
2025-05-23 23:10:22 - INFO - ##### Episode 549 #####
2025-05-23 23:10:22 - INFO - total reward: -1.75
2025-05-23 23:10:22 - INFO - ##### Episode 550 #####
2025-05-23 23:10:23 - INFO - total reward: -1.75
2025-05-23 23:10:23 - INFO - ##### Episode 551 #####
2025-05-23 23:10:23 - INFO - total reward: -1.55
2025-05-23 23:10:23 - INFO - ##### Episode 552 #####
2025-05-23 23:10:23 - INFO - total reward: -1.65
2025-05-23 23:10:23 - INFO - ##### Episode 553 #####
2025-05-23 23:10:23 - INFO - total reward: 2.75
2025-05-23 23:10:23 - INFO - ##### Episode 554 #####
2025-05-23 23:10:23 - INFO - total reward: -1.75
2025-05-23 23:10:24 - INFO - ##### Episode 555 #####
2025-05-23 23:10:24 - INFO - total reward: -1.50
2025-05-23 23:10:24 - INFO - ##### Episode 556 #####
2025-05-23 23:10:24 - INFO - total reward: -1.45
2025-05-23 23:10:24 - INFO - ##### Episode 557 #####
2025-05-23 23:10:24 - INFO - total reward: 2.50
2025-05-23 23:10:24 - INFO - ##### Episode 558 #####
2025-05-23 23:10:24 - INFO - total reward: -1.55
2025-05-23 23:10:25 - INFO - ##### Episode 559 #####
2025-05-23 23:10:25 - INFO - total reward: 2.55
2025-05-23 23:10:25 - INFO - ##### Episode 560 #####
2025-05-23 23:10:25 - INFO - total reward: -1.75
2025-05-23 23:10:25 - INFO - ##### Episode 561 #####
2025-05-23 23:10:25 - INFO - total reward: -1.60
2025-05-23 23:10:25 - INFO - ##### Episode 562 #####
2025-05-23 23:10:25 - INFO - total reward: -1.70
2025-05-23 23:10:25 - INFO - ##### Episode 563 #####
2025-05-23 23:10:25 - INFO - total reward: -1.75
2025-05-23 23:10:26 - INFO - ##### Episode 564 #####
2025-05-23 23:10:26 - INFO - total reward: -1.70
2025-05-23 23:10:26 - INFO - ##### Episode 565 #####
2025-05-23 23:10:26 - INFO - total reward: -1.60
2025-05-23 23:10:26 - INFO - ##### Episode 566 #####
2025-05-23 23:10:26 - INFO - total reward: -1.65
2025-05-23 23:10:26 - INFO - ##### Episode 567 #####
2025-05-23 23:10:26 - INFO - total reward: 2.80
2025-05-23 23:10:27 - INFO - ##### Episode 568 #####
2025-05-23 23:10:27 - INFO - total reward: -1.60
2025-05-23 23:10:27 - INFO - ##### Episode 569 #####
2025-05-23 23:10:27 - INFO - total reward: 2.90
2025-05-23 23:10:27 - INFO - ##### Episode 570 #####
2025-05-23 23:10:27 - INFO - total reward: -1.65
2025-05-23 23:10:27 - INFO - ##### Episode 571 #####
2025-05-23 23:10:27 - INFO - total reward: -1.45
2025-05-23 23:10:27 - INFO - ##### Episode 572 #####
2025-05-23 23:10:28 - INFO - total reward: -1.45
2025-05-23 23:10:28 - INFO - ##### Episode 573 #####
2025-05-23 23:10:28 - INFO - total reward: -1.65
2025-05-23 23:10:28 - INFO - ##### Episode 574 #####
2025-05-23 23:10:28 - INFO - total reward: 2.55
2025-05-23 23:10:28 - INFO - ##### Episode 575 #####
2025-05-23 23:10:28 - INFO - total reward: -1.55
2025-05-23 23:10:28 - INFO - ##### Episode 576 #####
2025-05-23 23:10:28 - INFO - total reward: 3.10
2025-05-23 23:10:29 - INFO - ##### Episode 577 #####
2025-05-23 23:10:29 - INFO - total reward: -1.75
2025-05-23 23:10:29 - INFO - ##### Episode 578 #####
2025-05-23 23:10:29 - INFO - total reward: 2.50
2025-05-23 23:10:29 - INFO - ##### Episode 579 #####
2025-05-23 23:10:29 - INFO - total reward: -1.45
2025-05-23 23:10:29 - INFO - ##### Episode 580 #####
2025-05-23 23:10:29 - INFO - total reward: 2.80
2025-05-23 23:10:30 - INFO - ##### Episode 581 #####
2025-05-23 23:10:30 - INFO - total reward: -1.75
2025-05-23 23:10:30 - INFO - ##### Episode 582 #####
2025-05-23 23:10:30 - INFO - total reward: -1.60
2025-05-23 23:10:30 - INFO - ##### Episode 583 #####
2025-05-23 23:10:30 - INFO - total reward: 2.85
2025-05-23 23:10:30 - INFO - ##### Episode 584 #####
2025-05-23 23:10:30 - INFO - total reward: -1.20
2025-05-23 23:10:30 - INFO - ##### Episode 585 #####
2025-05-23 23:10:30 - INFO - total reward: -1.50
2025-05-23 23:10:31 - INFO - ##### Episode 586 #####
2025-05-23 23:10:31 - INFO - total reward: -1.75
2025-05-23 23:10:31 - INFO - ##### Episode 587 #####
2025-05-23 23:10:31 - INFO - total reward: -1.45
2025-05-23 23:10:31 - INFO - ##### Episode 588 #####
2025-05-23 23:10:31 - INFO - total reward: -1.55
2025-05-23 23:10:31 - INFO - ##### Episode 589 #####
2025-05-23 23:10:31 - INFO - total reward: 2.85
2025-05-23 23:10:32 - INFO - ##### Episode 590 #####
2025-05-23 23:10:32 - INFO - total reward: 2.80
2025-05-23 23:10:32 - INFO - ##### Episode 591 #####
2025-05-23 23:10:32 - INFO - total reward: -1.70
2025-05-23 23:10:32 - INFO - ##### Episode 592 #####
2025-05-23 23:10:32 - INFO - total reward: -1.75
2025-05-23 23:10:32 - INFO - ##### Episode 593 #####
2025-05-23 23:10:32 - INFO - total reward: -1.75
2025-05-23 23:10:33 - INFO - ##### Episode 594 #####
2025-05-23 23:10:33 - INFO - total reward: -1.25
2025-05-23 23:10:33 - INFO - ##### Episode 595 #####
2025-05-23 23:10:33 - INFO - total reward: 2.50
2025-05-23 23:10:33 - INFO - ##### Episode 596 #####
2025-05-23 23:10:33 - INFO - total reward: -1.75
2025-05-23 23:10:33 - INFO - ##### Episode 597 #####
2025-05-23 23:10:33 - INFO - total reward: -1.60
2025-05-23 23:10:33 - INFO - ##### Episode 598 #####
2025-05-23 23:10:33 - INFO - total reward: -1.75
2025-05-23 23:10:34 - INFO - ##### Episode 599 #####
2025-05-23 23:10:34 - INFO - total reward: -1.55
2025-05-23 23:10:34 - INFO - ##### Episode 600 #####
2025-05-23 23:10:34 - INFO - total reward: -1.65
2025-05-23 23:10:34 - INFO - Player 0 wins: [335 (56) 148 (20) 77 (21) 40 (3)]
2025-05-23 23:10:34 - INFO - Player 1 wins: [145 (26) 208 (34) 134 (17) 113 (23)]
2025-05-23 23:10:34 - INFO - Player 2 wins: [54 (8) 114 (22) 183 (29) 249 (41)]
2025-05-23 23:10:34 - INFO - Player 3 wins: [66 (10) 130 (24) 206 (33) 198 (33)]
2025-05-23 23:10:34 - INFO - ##### Episode 601 #####
2025-05-23 23:10:34 - INFO - total reward: -1.75
2025-05-23 23:10:34 - INFO - ##### Episode 602 #####
2025-05-23 23:10:34 - INFO - total reward: -1.50
2025-05-23 23:10:35 - INFO - ##### Episode 603 #####
2025-05-23 23:10:35 - INFO - total reward: 2.80
2025-05-23 23:10:35 - INFO - ##### Episode 604 #####
2025-05-23 23:10:35 - INFO - total reward: -1.55
2025-05-23 23:10:35 - INFO - ##### Episode 605 #####
2025-05-23 23:10:35 - INFO - total reward: -1.75
2025-05-23 23:10:35 - INFO - ##### Episode 606 #####
2025-05-23 23:10:35 - INFO - total reward: -1.60
2025-05-23 23:10:35 - INFO - ##### Episode 607 #####
2025-05-23 23:10:35 - INFO - total reward: -1.55
2025-05-23 23:10:36 - INFO - ##### Episode 608 #####
2025-05-23 23:10:36 - INFO - total reward: -1.45
2025-05-23 23:10:36 - INFO - ##### Episode 609 #####
2025-05-23 23:10:36 - INFO - total reward: -1.50
2025-05-23 23:10:36 - INFO - ##### Episode 610 #####
2025-05-23 23:10:36 - INFO - total reward: -1.25
2025-05-23 23:10:36 - INFO - ##### Episode 611 #####
2025-05-23 23:10:36 - INFO - total reward: 3.20
2025-05-23 23:10:37 - INFO - ##### Episode 612 #####
2025-05-23 23:10:37 - INFO - total reward: -1.40
2025-05-23 23:10:37 - INFO - ##### Episode 613 #####
2025-05-23 23:10:37 - INFO - total reward: -1.55
2025-05-23 23:10:37 - INFO - ##### Episode 614 #####
2025-05-23 23:10:37 - INFO - total reward: -1.55
2025-05-23 23:10:37 - INFO - ##### Episode 615 #####
2025-05-23 23:10:37 - INFO - total reward: -1.60
2025-05-23 23:10:37 - INFO - ##### Episode 616 #####
2025-05-23 23:10:37 - INFO - total reward: -1.75
2025-05-23 23:10:38 - INFO - ##### Episode 617 #####
2025-05-23 23:10:38 - INFO - total reward: -1.75
2025-05-23 23:10:38 - INFO - ##### Episode 618 #####
2025-05-23 23:10:38 - INFO - total reward: 2.80
2025-05-23 23:10:38 - INFO - ##### Episode 619 #####
2025-05-23 23:10:38 - INFO - total reward: 2.55
2025-05-23 23:10:38 - INFO - ##### Episode 620 #####
2025-05-23 23:10:38 - INFO - total reward: -1.75
2025-05-23 23:10:39 - INFO - ##### Episode 621 #####
2025-05-23 23:10:39 - INFO - total reward: -1.75
2025-05-23 23:10:39 - INFO - ##### Episode 622 #####
2025-05-23 23:10:39 - INFO - total reward: -1.75
2025-05-23 23:10:39 - INFO - ##### Episode 623 #####
2025-05-23 23:10:39 - INFO - total reward: -1.50
2025-05-23 23:10:39 - INFO - ##### Episode 624 #####
2025-05-23 23:10:40 - INFO - total reward: -1.40
2025-05-23 23:10:40 - INFO - ##### Episode 625 #####
2025-05-23 23:10:40 - INFO - total reward: -1.60
2025-05-23 23:10:40 - INFO - ##### Episode 626 #####
2025-05-23 23:10:40 - INFO - total reward: -1.35
2025-05-23 23:10:40 - INFO - ##### Episode 627 #####
2025-05-23 23:10:40 - INFO - total reward: -1.60
2025-05-23 23:10:40 - INFO - ##### Episode 628 #####
2025-05-23 23:10:41 - INFO - total reward: -1.75
2025-05-23 23:10:41 - INFO - ##### Episode 629 #####
2025-05-23 23:10:41 - INFO - total reward: -1.55
2025-05-23 23:10:41 - INFO - ##### Episode 630 #####
2025-05-23 23:10:41 - INFO - total reward: -1.50
2025-05-23 23:10:41 - INFO - ##### Episode 631 #####
2025-05-23 23:10:41 - INFO - total reward: 2.65
2025-05-23 23:10:42 - INFO - ##### Episode 632 #####
2025-05-23 23:10:42 - INFO - total reward: -1.60
2025-05-23 23:10:42 - INFO - ##### Episode 633 #####
2025-05-23 23:10:42 - INFO - total reward: 2.50
2025-05-23 23:10:42 - INFO - ##### Episode 634 #####
2025-05-23 23:10:42 - INFO - total reward: -1.55
2025-05-23 23:10:42 - INFO - ##### Episode 635 #####
2025-05-23 23:10:42 - INFO - total reward: -1.60
2025-05-23 23:10:43 - INFO - ##### Episode 636 #####
2025-05-23 23:10:43 - INFO - total reward: 2.80
2025-05-23 23:10:43 - INFO - ##### Episode 637 #####
2025-05-23 23:10:43 - INFO - total reward: -1.75
2025-05-23 23:10:43 - INFO - ##### Episode 638 #####
2025-05-23 23:10:43 - INFO - total reward: -1.55
2025-05-23 23:10:43 - INFO - ##### Episode 639 #####
2025-05-23 23:10:43 - INFO - total reward: -1.70
2025-05-23 23:10:44 - INFO - ##### Episode 640 #####
2025-05-23 23:10:44 - INFO - total reward: -1.50
2025-05-23 23:10:44 - INFO - ##### Episode 641 #####
2025-05-23 23:10:44 - INFO - total reward: 2.65
2025-05-23 23:10:44 - INFO - ##### Episode 642 #####
2025-05-23 23:10:44 - INFO - total reward: 3.10
2025-05-23 23:10:44 - INFO - ##### Episode 643 #####
2025-05-23 23:10:45 - INFO - total reward: -1.40
2025-05-23 23:10:45 - INFO - ##### Episode 644 #####
2025-05-23 23:10:45 - INFO - total reward: -1.35
2025-05-23 23:10:45 - INFO - ##### Episode 645 #####
2025-05-23 23:10:45 - INFO - total reward: -1.65
2025-05-23 23:10:45 - INFO - ##### Episode 646 #####
2025-05-23 23:10:45 - INFO - total reward: -1.75
2025-05-23 23:10:46 - INFO - ##### Episode 647 #####
2025-05-23 23:10:46 - INFO - total reward: -1.25
2025-05-23 23:10:46 - INFO - ##### Episode 648 #####
2025-05-23 23:10:46 - INFO - total reward: -1.75
